/usr/bin/sinfo

Calculation of 250x250 Grid with 1 process(es) using 1D decomposition

runtime 1.352113e+02
runtime/iter 1.352111e-04

norm2res_gloabl: 4.899390e-07
normMres_global: 1.862645e-08

norm2err_global: 3.161760e-01
normMerr_global: 3.604069e-03

Calculation of 250x250 Grid with 2 process(es) using 1D decomposition

runtime 7.242991e+01
runtime/iter 7.242984e-05

norm2res_gloabl: 4.899390e-07
normMres_global: 1.862645e-08

norm2err_global: 3.161760e-01
normMerr_global: 3.604069e-03

Calculation of 250x250 Grid with 3 process(es) using 1D decomposition

runtime 4.810535e+01
runtime/iter 4.810530e-05

norm2res_gloabl: 4.899390e-07
normMres_global: 1.862645e-08

norm2err_global: 3.161760e-01
normMerr_global: 3.604069e-03

Calculation of 250x250 Grid with 4 process(es) using 1D decomposition

runtime 3.684879e+01
runtime/iter 3.684876e-05

norm2res_gloabl: 4.899390e-07
normMres_global: 1.862645e-08

norm2err_global: 3.161760e-01
normMerr_global: 3.604069e-03

Calculation of 250x250 Grid with 5 process(es) using 1D decomposition

runtime 3.108845e+01
runtime/iter 3.108841e-05

norm2res_gloabl: 4.899390e-07
normMres_global: 1.862645e-08

norm2err_global: 3.161760e-01
normMerr_global: 3.604069e-03

Calculation of 250x250 Grid with 6 process(es) using 1D decomposition

runtime 2.760601e+01
runtime/iter 2.760598e-05

norm2res_gloabl: 4.899390e-07
normMres_global: 1.862645e-08

norm2err_global: 3.161760e-01
normMerr_global: 3.604069e-03

Calculation of 250x250 Grid with 7 process(es) using 1D decomposition

runtime 2.552335e+01
runtime/iter 2.552333e-05

norm2res_gloabl: 4.899390e-07
normMres_global: 1.862645e-08

norm2err_global: 3.161760e-01
normMerr_global: 3.604069e-03

Calculation of 250x250 Grid with 8 process(es) using 1D decomposition

runtime 2.183300e+01
runtime/iter 2.183298e-05

norm2res_gloabl: 4.899390e-07
normMres_global: 1.862645e-08

norm2err_global: 3.161760e-01
normMerr_global: 3.604069e-03

Calculation of 250x250 Grid with 9 process(es) using 1D decomposition

runtime 2.091393e+01
runtime/iter 2.091390e-05

norm2res_gloabl: 4.899390e-07
normMres_global: 1.862645e-08

norm2err_global: 3.161760e-01
normMerr_global: 3.604069e-03

Calculation of 250x250 Grid with 10 process(es) using 1D decomposition

runtime 1.824406e+01
runtime/iter 1.824404e-05

norm2res_gloabl: 4.899390e-07
normMres_global: 1.862645e-08

norm2err_global: 3.161760e-01
normMerr_global: 3.604069e-03

Calculation of 250x250 Grid with 11 process(es) using 1D decomposition

runtime 1.861993e+01
runtime/iter 1.861992e-05

norm2res_gloabl: 4.899390e-07
normMres_global: 1.862645e-08

norm2err_global: 3.161760e-01
normMerr_global: 3.604069e-03

Calculation of 250x250 Grid with 12 process(es) using 1D decomposition

runtime 1.977415e+01
runtime/iter 1.977413e-05

norm2res_gloabl: 4.899390e-07
normMres_global: 1.862645e-08

norm2err_global: 3.161760e-01
normMerr_global: 3.604069e-03

Calculation of 250x250 Grid with 13 process(es) using 1D decomposition

runtime 1.628248e+01
runtime/iter 1.628247e-05

norm2res_gloabl: 4.899390e-07
normMres_global: 1.862645e-08

norm2err_global: 3.161760e-01
normMerr_global: 3.604069e-03

Calculation of 250x250 Grid with 14 process(es) using 1D decomposition

runtime 1.799921e+01
runtime/iter 1.799919e-05

norm2res_gloabl: 4.899390e-07
normMres_global: 1.862645e-08

norm2err_global: 3.161760e-01
normMerr_global: 3.604069e-03

Calculation of 250x250 Grid with 15 process(es) using 1D decomposition

runtime 1.746528e+01
runtime/iter 1.746526e-05

norm2res_gloabl: 4.899390e-07
normMres_global: 1.862645e-08

norm2err_global: 3.161760e-01
normMerr_global: 3.604069e-03

Calculation of 250x250 Grid with 16 process(es) using 1D decomposition

runtime 1.601192e+01
runtime/iter 1.601190e-05

norm2res_gloabl: 4.899390e-07
normMres_global: 1.862645e-08

norm2err_global: 3.161760e-01
normMerr_global: 3.604069e-03

Calculation of 250x250 Grid with 17 process(es) using 1D decomposition

runtime 1.676192e+01
runtime/iter 1.676190e-05

norm2res_gloabl: 4.899390e-07
normMres_global: 1.862645e-08

norm2err_global: 3.161760e-01
normMerr_global: 3.604069e-03

Calculation of 250x250 Grid with 18 process(es) using 1D decomposition

runtime 1.943452e+01
runtime/iter 1.943450e-05

norm2res_gloabl: 4.899390e-07
normMres_global: 1.862645e-08

norm2err_global: 3.161760e-01
normMerr_global: 3.604069e-03

Calculation of 250x250 Grid with 19 process(es) using 1D decomposition
srun: Job step aborted: Waiting up to 32 seconds for job step to finish.
slurmstepd: error: *** JOB 5744 ON tcad37 CANCELLED AT 2020-04-12T20:41:50 DUE TO TIME LIMIT ***
slurmstepd: error: *** STEP 5744.18 ON tcad37 CANCELLED AT 2020-04-12T20:41:50 DUE TO TIME LIMIT ***
srun: got SIGCONT
srun: forcing job termination
