/usr/bin/sinfo

Calculation of 4000x4000 Grid with 1 process(es) using 1D decomposition

runtime 1.930289e+02
runtime/iter 3.859806e-02

norm2res_gloabl: 2.889817e+08
normMres_global: 8.300034e+05

norm2err_global: 1.945147e+05
normMerr_global: 2.171677e+02

Calculation of 4000x4000 Grid with 2 process(es) using 1D decomposition
srun: error: tcad37: tasks 0-1: Segmentation fault (core dumped)

Calculation of 4000x4000 Grid with 3 process(es) using 1D decomposition
srun: error: tcad37: tasks 0-2: Segmentation fault (core dumped)

Calculation of 4000x4000 Grid with 4 process(es) using 1D decomposition
srun: error: tcad37: tasks 0-3: Segmentation fault (core dumped)

Calculation of 4000x4000 Grid with 5 process(es) using 1D decomposition
srun: error: tcad37: tasks 0-4: Segmentation fault (core dumped)

Calculation of 4000x4000 Grid with 6 process(es) using 1D decomposition
srun: error: tcad37: tasks 0-5: Segmentation fault (core dumped)

Calculation of 4000x4000 Grid with 7 process(es) using 1D decomposition
srun: error: tcad37: tasks 0-6: Segmentation fault (core dumped)

Calculation of 4000x4000 Grid with 8 process(es) using 1D decomposition
srun: error: tcad37: tasks 0-7: Segmentation fault (core dumped)

Calculation of 4000x4000 Grid with 9 process(es) using 1D decomposition
srun: error: tcad37: tasks 0-8: Segmentation fault (core dumped)

Calculation of 4000x4000 Grid with 10 process(es) using 1D decomposition
srun: error: tcad37: tasks 0-9: Segmentation fault (core dumped)

Calculation of 4000x4000 Grid with 11 process(es) using 1D decomposition
srun: error: tcad37: tasks 0-10: Segmentation fault (core dumped)

Calculation of 4000x4000 Grid with 12 process(es) using 1D decomposition
srun: error: tcad37: tasks 0-11: Segmentation fault (core dumped)

Calculation of 4000x4000 Grid with 13 process(es) using 1D decomposition
srun: error: tcad37: tasks 0-12: Segmentation fault (core dumped)

Calculation of 4000x4000 Grid with 14 process(es) using 1D decomposition
srun: error: tcad37: tasks 0-13: Segmentation fault (core dumped)

Calculation of 4000x4000 Grid with 15 process(es) using 1D decomposition
srun: error: tcad37: tasks 0-14: Segmentation fault (core dumped)

Calculation of 4000x4000 Grid with 16 process(es) using 1D decomposition
srun: error: tcad37: tasks 0-15: Segmentation fault (core dumped)

Calculation of 4000x4000 Grid with 17 process(es) using 1D decomposition
srun: error: tcad37: task 0: Segmentation fault (core dumped)
srun: error: tcad37: tasks 1-16: Segmentation fault (core dumped)

Calculation of 4000x4000 Grid with 18 process(es) using 1D decomposition
srun: error: tcad37: tasks 0,16: Segmentation fault (core dumped)
srun: error: tcad37: tasks 1-15,17: Segmentation fault (core dumped)

Calculation of 4000x4000 Grid with 19 process(es) using 1D decomposition
srun: error: tcad37: tasks 0,13,17: Segmentation fault (core dumped)
srun: error: tcad37: tasks 1-12,14-16,18: Segmentation fault (core dumped)

Calculation of 4000x4000 Grid with 20 process(es) using 1D decomposition
srun: error: tcad37: tasks 0,5,11,14: Segmentation fault (core dumped)
srun: error: tcad37: tasks 1-4,6-10,12-13,15-19: Segmentation fault (core dumped)

Calculation of 4000x4000 Grid with 21 process(es) using 1D decomposition
srun: error: tcad37: tasks 0,3,6,16,19: Segmentation fault (core dumped)
srun: error: tcad37: tasks 1-2,4-5,7-15,17-18,20: Segmentation fault (core dumped)

Calculation of 4000x4000 Grid with 22 process(es) using 1D decomposition
srun: error: tcad37: tasks 0-1,4,11,13,21: Segmentation fault (core dumped)
srun: error: tcad37: tasks 2-3,5-10,12,14-20: Segmentation fault (core dumped)

Calculation of 4000x4000 Grid with 23 process(es) using 1D decomposition
srun: error: tcad37: tasks 0,2-3,5,9,14,20: Segmentation fault (core dumped)
srun: error: tcad37: tasks 1,4,6-8,10-13,15-19,21-22: Segmentation fault (core dumped)

Calculation of 4000x4000 Grid with 24 process(es) using 1D decomposition
srun: error: tcad37: tasks 0,23: Segmentation fault (core dumped)
srun: Job step aborted: Waiting up to 32 seconds for job step to finish.
slurmstepd: error: *** JOB 5748 ON tcad37 CANCELLED AT 2020-04-12T21:50:50 DUE TO TIME LIMIT ***
slurmstepd: error: *** STEP 5748.23 ON tcad37 CANCELLED AT 2020-04-12T21:50:50 DUE TO TIME LIMIT ***
srun: got SIGCONT
srun: forcing job termination
