/usr/bin/sinfo

Calculation of 250x250 Grid with 1 process(es) using 1D decomposition

runtime 1.317067e+01
runtime/iter 1.317054e-04

norm2res_gloabl: 4.899390e-07
normMres_global: 1.862645e-08

norm2err_global: 3.161760e-01
normMerr_global: 3.604069e-03

Calculation of 250x250 Grid with 2 process(es) using 1D decomposition

runtime 7.066593e+00
runtime/iter 7.066523e-05

norm2res_gloabl: 4.899390e-07
normMres_global: 1.862645e-08

norm2err_global: 3.161760e-01
normMerr_global: 3.604069e-03

Calculation of 250x250 Grid with 3 process(es) using 1D decomposition

runtime 4.991722e+00
runtime/iter 4.991672e-05

norm2res_gloabl: 4.899390e-07
normMres_global: 1.862645e-08

norm2err_global: 3.161760e-01
normMerr_global: 3.604069e-03

Calculation of 250x250 Grid with 4 process(es) using 1D decomposition

runtime 3.687012e+00
runtime/iter 3.686975e-05

norm2res_gloabl: 4.899390e-07
normMres_global: 1.862645e-08

norm2err_global: 3.161760e-01
normMerr_global: 3.604069e-03

Calculation of 250x250 Grid with 5 process(es) using 1D decomposition

runtime 3.132068e+00
runtime/iter 3.132037e-05

norm2res_gloabl: 4.899390e-07
normMres_global: 1.862645e-08

norm2err_global: 3.161760e-01
normMerr_global: 3.604069e-03

Calculation of 250x250 Grid with 6 process(es) using 1D decomposition

runtime 2.799697e+00
runtime/iter 2.799669e-05

norm2res_gloabl: 4.899390e-07
normMres_global: 1.862645e-08

norm2err_global: 3.161760e-01
normMerr_global: 3.604069e-03

Calculation of 250x250 Grid with 7 process(es) using 1D decomposition

runtime 2.524449e+00
runtime/iter 2.524423e-05

norm2res_gloabl: 4.899390e-07
normMres_global: 1.862645e-08

norm2err_global: 3.161760e-01
normMerr_global: 3.604069e-03

Calculation of 250x250 Grid with 8 process(es) using 1D decomposition

runtime 2.171671e+00
runtime/iter 2.171650e-05

norm2res_gloabl: 4.899390e-07
normMres_global: 1.862645e-08

norm2err_global: 3.161760e-01
normMerr_global: 3.604069e-03

Calculation of 250x250 Grid with 9 process(es) using 1D decomposition

runtime 2.125119e+00
runtime/iter 2.125097e-05

norm2res_gloabl: 4.899390e-07
normMres_global: 1.862645e-08

norm2err_global: 3.161760e-01
normMerr_global: 3.604069e-03

Calculation of 250x250 Grid with 10 process(es) using 1D decomposition

runtime 1.860529e+00
runtime/iter 1.860511e-05

norm2res_gloabl: 4.899390e-07
normMres_global: 1.862645e-08

norm2err_global: 3.161760e-01
normMerr_global: 3.604069e-03

Calculation of 250x250 Grid with 11 process(es) using 1D decomposition

runtime 1.904425e+00
runtime/iter 1.904405e-05

norm2res_gloabl: 4.899390e-07
normMres_global: 1.862645e-08

norm2err_global: 3.161760e-01
normMerr_global: 3.604069e-03

Calculation of 250x250 Grid with 12 process(es) using 1D decomposition

runtime 1.964780e+00
runtime/iter 1.964761e-05

norm2res_gloabl: 4.899390e-07
normMres_global: 1.862645e-08

norm2err_global: 3.161760e-01
normMerr_global: 3.604069e-03

Calculation of 250x250 Grid with 13 process(es) using 1D decomposition

runtime 1.697081e+00
runtime/iter 1.697064e-05

norm2res_gloabl: 4.899390e-07
normMres_global: 1.862645e-08

norm2err_global: 3.161760e-01
normMerr_global: 3.604069e-03

Calculation of 250x250 Grid with 14 process(es) using 1D decomposition

runtime 2.048348e+00
runtime/iter 2.048328e-05

norm2res_gloabl: 4.899390e-07
normMres_global: 1.862645e-08

norm2err_global: 3.161760e-01
normMerr_global: 3.604069e-03

Calculation of 250x250 Grid with 15 process(es) using 1D decomposition

runtime 1.916189e+00
runtime/iter 1.916170e-05

norm2res_gloabl: 4.899390e-07
normMres_global: 1.862645e-08

norm2err_global: 3.161760e-01
normMerr_global: 3.604069e-03

Calculation of 250x250 Grid with 16 process(es) using 1D decomposition

runtime 1.679263e+00
runtime/iter 1.679247e-05

norm2res_gloabl: 4.899390e-07
normMres_global: 1.862645e-08

norm2err_global: 3.161760e-01
normMerr_global: 3.604069e-03

Calculation of 250x250 Grid with 17 process(es) using 1D decomposition

runtime 2.086475e+00
runtime/iter 2.086454e-05

norm2res_gloabl: 4.899390e-07
normMres_global: 1.862645e-08

norm2err_global: 3.161760e-01
normMerr_global: 3.604069e-03

Calculation of 250x250 Grid with 18 process(es) using 1D decomposition

runtime 2.686606e+00
runtime/iter 2.686579e-05

norm2res_gloabl: 4.899390e-07
normMres_global: 1.862645e-08

norm2err_global: 3.161760e-01
normMerr_global: 3.604069e-03

Calculation of 250x250 Grid with 19 process(es) using 1D decomposition

runtime 1.747331e+00
runtime/iter 1.747314e-05

norm2res_gloabl: 4.899390e-07
normMres_global: 1.862645e-08

norm2err_global: 3.161760e-01
normMerr_global: 3.604069e-03

Calculation of 250x250 Grid with 20 process(es) using 1D decomposition

runtime 1.757750e+00
runtime/iter 1.757732e-05

norm2res_gloabl: 4.899390e-07
normMres_global: 1.862645e-08

norm2err_global: 3.161760e-01
normMerr_global: 3.604069e-03

Calculation of 250x250 Grid with 21 process(es) using 1D decomposition

runtime 2.756002e+00
runtime/iter 2.755974e-05

norm2res_gloabl: 4.899390e-07
normMres_global: 1.862645e-08

norm2err_global: 3.161760e-01
normMerr_global: 3.604069e-03

Calculation of 250x250 Grid with 22 process(es) using 1D decomposition

runtime 2.109973e+00
runtime/iter 2.109952e-05

norm2res_gloabl: 4.899390e-07
normMres_global: 1.862645e-08

norm2err_global: 3.161760e-01
normMerr_global: 3.604069e-03

Calculation of 250x250 Grid with 23 process(es) using 1D decomposition

runtime 2.545695e+00
runtime/iter 2.545669e-05

norm2res_gloabl: 4.899390e-07
normMres_global: 1.862645e-08

norm2err_global: 3.161760e-01
normMerr_global: 3.604069e-03

Calculation of 250x250 Grid with 24 process(es) using 1D decomposition

runtime 1.595433e+00
runtime/iter 1.595417e-05

norm2res_gloabl: 4.899390e-07
normMres_global: 1.862645e-08

norm2err_global: 3.161760e-01
normMerr_global: 3.604069e-03

Calculation of 250x250 Grid with 25 process(es) using 1D decomposition

runtime 1.674492e+00
runtime/iter 1.674475e-05

norm2res_gloabl: 4.899390e-07
normMres_global: 1.862645e-08

norm2err_global: 3.161760e-01
normMerr_global: 3.604069e-03

Calculation of 250x250 Grid with 26 process(es) using 1D decomposition

runtime 1.826407e+00
runtime/iter 1.826389e-05

norm2res_gloabl: 4.899390e-07
normMres_global: 1.862645e-08

norm2err_global: 3.161760e-01
normMerr_global: 3.604069e-03

Calculation of 250x250 Grid with 27 process(es) using 1D decomposition

runtime 1.483448e+00
runtime/iter 1.483433e-05

norm2res_gloabl: 4.899390e-07
normMres_global: 1.862645e-08

norm2err_global: 3.161760e-01
normMerr_global: 3.604069e-03

Calculation of 250x250 Grid with 28 process(es) using 1D decomposition

runtime 2.450720e+00
runtime/iter 2.450696e-05

norm2res_gloabl: 4.899390e-07
normMres_global: 1.862645e-08

norm2err_global: 3.161760e-01
normMerr_global: 3.604069e-03

Calculation of 250x250 Grid with 29 process(es) using 1D decomposition

runtime 1.618557e+00
runtime/iter 1.618540e-05

norm2res_gloabl: 4.899390e-07
normMres_global: 1.862645e-08

norm2err_global: 3.161760e-01
normMerr_global: 3.604069e-03

Calculation of 250x250 Grid with 30 process(es) using 1D decomposition

runtime 1.429420e+00
runtime/iter 1.429405e-05

norm2res_gloabl: 4.899390e-07
normMres_global: 1.862645e-08

norm2err_global: 3.161760e-01
normMerr_global: 3.604069e-03

Calculation of 250x250 Grid with 31 process(es) using 1D decomposition

runtime 1.343260e+00
runtime/iter 1.343246e-05

norm2res_gloabl: 4.899390e-07
normMres_global: 1.862645e-08

norm2err_global: 3.161760e-01
normMerr_global: 3.604069e-03

Calculation of 250x250 Grid with 32 process(es) using 1D decomposition

runtime 2.267838e+00
runtime/iter 2.267815e-05

norm2res_gloabl: 4.899390e-07
normMres_global: 1.862645e-08

norm2err_global: 3.161760e-01
normMerr_global: 3.604069e-03

Calculation of 250x250 Grid with 33 process(es) using 1D decomposition

runtime 2.028011e+00
runtime/iter 2.027991e-05

norm2res_gloabl: 4.899390e-07
normMres_global: 1.862645e-08

norm2err_global: 3.161760e-01
normMerr_global: 3.604069e-03

Calculation of 250x250 Grid with 34 process(es) using 1D decomposition

runtime 1.974035e+00
runtime/iter 1.974016e-05

norm2res_gloabl: 4.899390e-07
normMres_global: 1.862645e-08

norm2err_global: 3.161760e-01
normMerr_global: 3.604069e-03

Calculation of 250x250 Grid with 35 process(es) using 1D decomposition

runtime 1.804224e+00
runtime/iter 1.804206e-05

norm2res_gloabl: 4.899390e-07
normMres_global: 1.862645e-08

norm2err_global: 3.161760e-01
normMerr_global: 3.604069e-03

Calculation of 250x250 Grid with 36 process(es) using 1D decomposition

runtime 3.272918e+00
runtime/iter 3.272885e-05

norm2res_gloabl: 4.899390e-07
normMres_global: 1.862645e-08

norm2err_global: 3.161760e-01
normMerr_global: 3.604069e-03

Calculation of 250x250 Grid with 37 process(es) using 1D decomposition

runtime 4.026141e+00
runtime/iter 4.026101e-05

norm2res_gloabl: 4.899390e-07
normMres_global: 1.862645e-08

norm2err_global: 3.161760e-01
normMerr_global: 3.604069e-03

Calculation of 250x250 Grid with 38 process(es) using 1D decomposition

runtime 2.079251e+00
runtime/iter 2.079230e-05

norm2res_gloabl: 4.899390e-07
normMres_global: 1.862645e-08

norm2err_global: 3.161760e-01
normMerr_global: 3.604069e-03

Calculation of 250x250 Grid with 39 process(es) using 1D decomposition

runtime 1.894693e+00
runtime/iter 1.894674e-05

norm2res_gloabl: 4.899390e-07
normMres_global: 1.862645e-08

norm2err_global: 3.161760e-01
normMerr_global: 3.604069e-03

Calculation of 250x250 Grid with 40 process(es) using 1D decomposition

runtime 1.200973e+00
runtime/iter 1.200961e-05

norm2res_gloabl: 4.899390e-07
normMres_global: 1.862645e-08

norm2err_global: 3.161760e-01
normMerr_global: 3.604069e-03
